01Business status Alert Level 4 Fully operationaltotal                                              XtotalC0301.017110
02Business status Alert Level 4 Fully operationalAgriculture forestry & fishing"                    XtotalC0301.012175
03Business status Alert Level 4 Fully operationalAgriculture                                        XtotalC0301.011839
04Business status Alert Level 4 Fully operationalCommercial                                         XtotalC0301.011800
05Business status Alert Level 4 Fully operationalForestry & logging                                 XtotalC0301.016000
06Business status Alert Level 4 Fully operational"Agriculture forestry & fishing support services"  XtotalC0301.013120
07Business status Alert Level 4 Fully operationalMining                                             XtotalC0301.011800
08Business status Alert Level 4 Fully operationalManufacturing                                      XtotalC0301.016360
09Business status Alert Level 4 Fully operational"Food beverage & tobacco"                          XtotalC0301.013780
10Business status Alert Level 4 Fully operational"Textile clothing footwear & leather"              XtotalC0301.011500
11Business status Alert Level 4 Fully operationalWood & paper product                               XtotalC0301.012700
12Business status Alert Level 4 Fully operational"Printing publishing & recorded media"             XtotalC0301.012700
13Business status Alert Level 4 Fully operational"Petroleum coal chemical & associated product"     XtotalC0301.011110
14Business status Alert Level 4 Fully operationalNon-metallic mineral product                       XtotalC0301.019000
15Business status Alert Level 4 Fully operationalMetal product                                      XtotalC0301.012400
16Business status Alert Level 4 Fully operationalTransport and industrial machinery & equipment     XtotalC0301.019000
17Business status Alert Level 4 Fully operationalOther machinery & equipment                        XtotalC0301.012100
18Business status Alert Level 4 Fully operationalOther manufacturing                                XtotalC0301.011200
19Business status Alert Level 4 Fully operational"Electricity gas water & waste services"           XtotalC0301.016000
20Business status Alert Level 4 Fully operationalConstruction                                       XtotalC0301.016000
21Business status Alert Level 4 Fully operationalWholesale trade                                    XtotalC0301.016450
22Business status Alert Level 4 Fully operationalMachinery & equipment wholesaling                  XtotalC0301.011830
23Business status Alert Level 4 Fully operationalOther wholesale trade                              XtotalC0301.014620
